# MIT License
#
# Copyright (c) 2024 Networking and Virtualization Research Group (GIROS DIT-UPM).
#
# Permission is hereby granted, free of charge, to any person obtaining a copy
# of this software and associated documentation files (the "Software"), to deal
# in the Software without restriction, including without limitation the rights
# to use, copy, modify, merge, publish, distribute, sublicense, and/or sell
# copies of the Software, and to permit persons to whom the Software is
# furnished to do so, subject to the following conditions:
#
# The above copyright notice and this permission notice shall be included in all
# copies or substantial portions of the Software.
#
# THE SOFTWARE IS PROVIDED "AS IS", WITHOUT WARRANTY OF ANY KIND, EXPRESS OR
# IMPLIED, INCLUDING BUT NOT LIMITED TO THE WARRANTIES OF MERCHANTABILITY,
# FITNESS FOR A PARTICULAR PURPOSE AND NONINFRINGEMENT. IN NO EVENT SHALL THE
# AUTHORS OR COPYRIGHT HOLDERS BE LIABLE FOR ANY CLAIM, DAMAGES OR OTHER
# LIABILITY, WHETHER IN AN ACTION OF CONTRACT, TORT OR OTHERWISE, ARISING FROM,
# OUT OF OR IN CONNECTION WITH THE SOFTWARE OR THE USE OR OTHER DEALINGS IN THE
# SOFTWARE.

# REFERENCE: https://github.com/herlesupreeth/docker_open5gs

# this file is autogenerated by make modules-cfg

# the list of sub-directories with modules
modules_dirs:=modules

# the list of module groups to compile
cfg_group_include=

# the list of extra modules to compile
include_modules= cdp cdp_avp db_mysql dialplan enum json http_client ims_auth ims_charging ims_dialog ims_diameter_server ims_icscf ims_ipsec_pcscf ims_isc ims_ocs ims_qos ims_registrar_pcscf ims_registrar_scscf ims_usrloc_pcscf ims_usrloc_scscf outbound presence presence_conference presence_dialoginfo presence_mwi presence_profile presence_reginfo presence_xml pua pua_bla pua_dialoginfo pua_reginfo pua_rpc pua_usrloc pua_xmpp sctp tls utils xcap_client xcap_server xmlops xmlrpc

# the list of static modules
static_modules= 

# the list of modules to skip from compile list
skip_modules= 

# the list of modules to exclude from compile list
exclude_modules= malloc_test app_sqlang acc_json acc_radius app_java app_lua app_lua_sr app_mono app_perl app_python app_python3 app_python3s app_ruby app_ruby_proc auth_ephemeral auth_identity auth_radius cnxcc cplc crypto db2_ldap db_berkeley db_cassandra db_mongodb db_oracle db_perlvdb db_postgres db_redis db_sqlite db_unixodbc dnssec erlang evapi geoip geoip2 gzcompress h350 http_async_client http_client jansson janssonrpcc json jsonrpcc jwt kafka kazoo lcr ldap log_systemd lost lwsc memcached microhttpd misc_radius mqtt nats ndb_cassandra ndb_mongodb ndb_redis nsq osp peering phonenum rabbitmq regex rls rtp_media_server ruxc secsipid secsipid_proc slack snmpstats stirshaken systemdops tls_wolfssl tlsa topos_redis uuid websocket xhttp_pi xmpp $(skip_modules)

modules_all= $(filter-out modules/CVS,$(wildcard modules/*))
modules_noinc= $(filter-out $(addprefix modules/, $(exclude_modules) $(static_modules)), $(modules_all)) 
modules= $(filter-out $(modules_noinc), $(addprefix modules/, $(include_modules) )) $(modules_noinc) 
modules_configured:=1